03 Oct 2018 22:23:25,758  ERROR [http-bio-8080-exec-5]  (com.webratio.units.utility.rtx.ScriptUnitService:73) - [33738D59395FF8F6780ABEBF29D5A47A][scu1]Unable to execute the script
 java.lang.NullPointerException
	at com.webratio.commons.transform.groovy.GroovyScript.newInstance(GroovyScript.java:162)
	at com.webratio.units.utility.rtx.ScriptUnitService.createUnitBean(ScriptUnitService.java:223)
	at com.webratio.units.utility.rtx.ScriptUnitService_$$_javassist_0._d2createUnitBean(ScriptUnitService_$$_javassist_0.java)
	at sun.reflect.NativeMethodAccessorImpl.invoke0(Native Method)
	at sun.reflect.NativeMethodAccessorImpl.invoke(NativeMethodAccessorImpl.java:62)
	at sun.reflect.DelegatingMethodAccessorImpl.invoke(DelegatingMethodAccessorImpl.java:43)
	at java.lang.reflect.Method.invoke(Method.java:498)
	at com.webratio.rtx.debug.WebDebugAdapter$DebugMethodHandler.doInvoke(WebDebugAdapter.java:447)
	at com.webratio.rtx.debug.WebDebugAdapter$ServiceHandler.doInvoke(WebDebugAdapter.java:531)
	at com.webratio.rtx.debug.WebDebugAdapter$CachedUnitHandler.doInvoke(WebDebugAdapter.java:673)
	at com.webratio.rtx.debug.WebDebugAdapter$DebugMethodHandler.invoke(WebDebugAdapter.java:440)
	at com.webratio.units.utility.rtx.ScriptUnitService_$$_javassist_0.createUnitBean(ScriptUnitService_$$_javassist_0.java)
	at com.webratio.units.utility.rtx.ScriptUnitService.getUnitBean(ScriptUnitService.java:199)
	at com.webratio.units.utility.rtx.ScriptUnitService.execute(ScriptUnitService.java:173)
	at com.webratio.units.utility.rtx.ScriptUnitService_$$_javassist_0._d1execute(ScriptUnitService_$$_javassist_0.java)
	at sun.reflect.NativeMethodAccessorImpl.invoke0(Native Method)
	at sun.reflect.NativeMethodAccessorImpl.invoke(NativeMethodAccessorImpl.java:62)
	at sun.reflect.DelegatingMethodAccessorImpl.invoke(DelegatingMethodAccessorImpl.java:43)
	at java.lang.reflect.Method.invoke(Method.java:498)
	at com.webratio.rtx.debug.WebDebugAdapter$DebugMethodHandler.doInvoke(WebDebugAdapter.java:447)
	at com.webratio.rtx.debug.WebDebugAdapter$ServiceHandler.doInvoke(WebDebugAdapter.java:531)
	at com.webratio.rtx.debug.WebDebugAdapter$AbstractUnitHandler.handleUnitExecution(WebDebugAdapter.java:717)
	at com.webratio.rtx.debug.WebDebugAdapter$CachedUnitHandler.doInvoke(WebDebugAdapter.java:662)
	at com.webratio.rtx.debug.WebDebugAdapter$DebugMethodHandler.invoke(WebDebugAdapter.java:440)
	at com.webratio.units.utility.rtx.ScriptUnitService_$$_javassist_0.execute(ScriptUnitService_$$_javassist_0.java)
	at com.webratio.struts.actions.OperationAction.executeOperation(OperationAction.java:394)
	at com.webratio.struts.actions.OperationAction.doExecute(OperationAction.java:250)
	at com.webratio.struts.actions.OperationAction.execute(OperationAction.java:74)
	at org.apache.struts.chain.commands.servlet.ExecuteAction.execute(ExecuteAction.java:58)
	at org.apache.struts.chain.commands.AbstractExecuteAction.execute(AbstractExecuteAction.java:67)
	at org.apache.struts.chain.commands.ActionCommandBase.execute(ActionCommandBase.java:51)
	at org.apache.commons.chain.impl.ChainBase.execute(ChainBase.java:190)
	at org.apache.commons.chain.generic.LookupCommand.execute(LookupCommand.java:304)
	at org.apache.commons.chain.impl.ChainBase.execute(ChainBase.java:190)
	at org.apache.struts.chain.ComposableRequestProcessor.process(ComposableRequestProcessor.java:283)
	at org.apache.struts.action.ActionServlet.process(ActionServlet.java:1913)
	at com.webratio.struts.servlets.WRActionServlet.process(WRActionServlet.java:155)
	at com.webratio.struts.servlets.WRActionServlet.doGet(WRActionServlet.java:109)
	at javax.servlet.http.HttpServlet.service(HttpServlet.java:620)
	at javax.servlet.http.HttpServlet.service(HttpServlet.java:727)
	at org.apache.catalina.core.ApplicationFilterChain.internalDoFilter(ApplicationFilterChain.java:303)
	at org.apache.catalina.core.ApplicationFilterChain.doFilter(ApplicationFilterChain.java:208)
	at org.apache.tomcat.websocket.server.WsFilter.doFilter(WsFilter.java:52)
	at org.apache.catalina.core.ApplicationFilterChain.internalDoFilter(ApplicationFilterChain.java:241)
	at org.apache.catalina.core.ApplicationFilterChain.doFilter(ApplicationFilterChain.java:208)
	at com.webratio.struts.filters.StaticResourceFilter.doFilter(StaticResourceFilter.java:78)
	at org.apache.catalina.core.ApplicationFilterChain.internalDoFilter(ApplicationFilterChain.java:241)
	at org.apache.catalina.core.ApplicationFilterChain.doFilter(ApplicationFilterChain.java:208)
	at org.apache.catalina.core.StandardWrapperValve.invoke(StandardWrapperValve.java:220)
	at org.apache.catalina.core.StandardContextValve.invoke(StandardContextValve.java:122)
	at org.apache.catalina.authenticator.AuthenticatorBase.invoke(AuthenticatorBase.java:501)
	at org.apache.catalina.core.StandardHostValve.invoke(StandardHostValve.java:170)
	at org.apache.catalina.valves.ErrorReportValve.invoke(ErrorReportValve.java:98)
	at org.apache.catalina.valves.AccessLogValve.invoke(AccessLogValve.java:950)
	at org.apache.catalina.core.StandardEngineValve.invoke(StandardEngineValve.java:116)
	at org.apache.catalina.connector.CoyoteAdapter.service(CoyoteAdapter.java:408)
	at org.apache.coyote.http11.AbstractHttp11Processor.process(AbstractHttp11Processor.java:1040)
	at org.apache.coyote.AbstractProtocol$AbstractConnectionHandler.process(AbstractProtocol.java:607)
	at org.apache.tomcat.util.net.JIoEndpoint$SocketProcessor.run(JIoEndpoint.java:313)
	at java.util.concurrent.ThreadPoolExecutor.runWorker(ThreadPoolExecutor.java:1149)
	at java.util.concurrent.ThreadPoolExecutor$Worker.run(ThreadPoolExecutor.java:624)
	at java.lang.Thread.run(Thread.java:748)
03 Oct 2018 22:23:30,488  ERROR [http-bio-8080-exec-9]  (com.webratio.units.utility.rtx.ScriptUnitService:73) - [B72F68472157DDDD369696E1E8A239AF][scu1]Unable to execute the script
 java.lang.NullPointerException
	at com.webratio.commons.transform.groovy.GroovyScript.newInstance(GroovyScript.java:162)
	at com.webratio.units.utility.rtx.ScriptUnitService.createUnitBean(ScriptUnitService.java:223)
	at com.webratio.units.utility.rtx.ScriptUnitService_$$_javassist_0._d2createUnitBean(ScriptUnitService_$$_javassist_0.java)
	at sun.reflect.NativeMethodAccessorImpl.invoke0(Native Method)
	at sun.reflect.NativeMethodAccessorImpl.invoke(NativeMethodAccessorImpl.java:62)
	at sun.reflect.DelegatingMethodAccessorImpl.invoke(DelegatingMethodAccessorImpl.java:43)
	at java.lang.reflect.Method.invoke(Method.java:498)
	at com.webratio.rtx.debug.WebDebugAdapter$DebugMethodHandler.doInvoke(WebDebugAdapter.java:447)
	at com.webratio.rtx.debug.WebDebugAdapter$ServiceHandler.doInvoke(WebDebugAdapter.java:531)
	at com.webratio.rtx.debug.WebDebugAdapter$CachedUnitHandler.doInvoke(WebDebugAdapter.java:673)
	at com.webratio.rtx.debug.WebDebugAdapter$DebugMethodHandler.invoke(WebDebugAdapter.java:440)
	at com.webratio.units.utility.rtx.ScriptUnitService_$$_javassist_0.createUnitBean(ScriptUnitService_$$_javassist_0.java)
	at com.webratio.units.utility.rtx.ScriptUnitService.getUnitBean(ScriptUnitService.java:199)
	at com.webratio.units.utility.rtx.ScriptUnitService.execute(ScriptUnitService.java:173)
	at com.webratio.units.utility.rtx.ScriptUnitService_$$_javassist_0._d1execute(ScriptUnitService_$$_javassist_0.java)
	at sun.reflect.NativeMethodAccessorImpl.invoke0(Native Method)
	at sun.reflect.NativeMethodAccessorImpl.invoke(NativeMethodAccessorImpl.java:62)
	at sun.reflect.DelegatingMethodAccessorImpl.invoke(DelegatingMethodAccessorImpl.java:43)
	at java.lang.reflect.Method.invoke(Method.java:498)
	at com.webratio.rtx.debug.WebDebugAdapter$DebugMethodHandler.doInvoke(WebDebugAdapter.java:447)
	at com.webratio.rtx.debug.WebDebugAdapter$ServiceHandler.doInvoke(WebDebugAdapter.java:531)
	at com.webratio.rtx.debug.WebDebugAdapter$AbstractUnitHandler.handleUnitExecution(WebDebugAdapter.java:717)
	at com.webratio.rtx.debug.WebDebugAdapter$CachedUnitHandler.doInvoke(WebDebugAdapter.java:662)
	at com.webratio.rtx.debug.WebDebugAdapter$DebugMethodHandler.invoke(WebDebugAdapter.java:440)
	at com.webratio.units.utility.rtx.ScriptUnitService_$$_javassist_0.execute(ScriptUnitService_$$_javassist_0.java)
	at com.webratio.struts.actions.OperationAction.executeOperation(OperationAction.java:394)
	at com.webratio.struts.actions.OperationAction.doExecute(OperationAction.java:250)
	at com.webratio.struts.actions.OperationAction.execute(OperationAction.java:74)
	at org.apache.struts.chain.commands.servlet.ExecuteAction.execute(ExecuteAction.java:58)
	at org.apache.struts.chain.commands.AbstractExecuteAction.execute(AbstractExecuteAction.java:67)
	at org.apache.struts.chain.commands.ActionCommandBase.execute(ActionCommandBase.java:51)
	at org.apache.commons.chain.impl.ChainBase.execute(ChainBase.java:190)
	at org.apache.commons.chain.generic.LookupCommand.execute(LookupCommand.java:304)
	at org.apache.commons.chain.impl.ChainBase.execute(ChainBase.java:190)
	at org.apache.struts.chain.ComposableRequestProcessor.process(ComposableRequestProcessor.java:283)
	at org.apache.struts.action.ActionServlet.process(ActionServlet.java:1913)
	at com.webratio.struts.servlets.WRActionServlet.process(WRActionServlet.java:155)
	at com.webratio.struts.servlets.WRActionServlet.doGet(WRActionServlet.java:109)
	at javax.servlet.http.HttpServlet.service(HttpServlet.java:620)
	at javax.servlet.http.HttpServlet.service(HttpServlet.java:727)
	at org.apache.catalina.core.ApplicationFilterChain.internalDoFilter(ApplicationFilterChain.java:303)
	at org.apache.catalina.core.ApplicationFilterChain.doFilter(ApplicationFilterChain.java:208)
	at org.apache.tomcat.websocket.server.WsFilter.doFilter(WsFilter.java:52)
	at org.apache.catalina.core.ApplicationFilterChain.internalDoFilter(ApplicationFilterChain.java:241)
	at org.apache.catalina.core.ApplicationFilterChain.doFilter(ApplicationFilterChain.java:208)
	at com.webratio.struts.filters.StaticResourceFilter.doFilter(StaticResourceFilter.java:78)
	at org.apache.catalina.core.ApplicationFilterChain.internalDoFilter(ApplicationFilterChain.java:241)
	at org.apache.catalina.core.ApplicationFilterChain.doFilter(ApplicationFilterChain.java:208)
	at org.apache.catalina.core.StandardWrapperValve.invoke(StandardWrapperValve.java:220)
	at org.apache.catalina.core.StandardContextValve.invoke(StandardContextValve.java:122)
	at org.apache.catalina.authenticator.AuthenticatorBase.invoke(AuthenticatorBase.java:501)
	at org.apache.catalina.core.StandardHostValve.invoke(StandardHostValve.java:170)
	at org.apache.catalina.valves.ErrorReportValve.invoke(ErrorReportValve.java:98)
	at org.apache.catalina.valves.AccessLogValve.invoke(AccessLogValve.java:950)
	at org.apache.catalina.core.StandardEngineValve.invoke(StandardEngineValve.java:116)
	at org.apache.catalina.connector.CoyoteAdapter.service(CoyoteAdapter.java:408)
	at org.apache.coyote.http11.AbstractHttp11Processor.process(AbstractHttp11Processor.java:1040)
	at org.apache.coyote.AbstractProtocol$AbstractConnectionHandler.process(AbstractProtocol.java:607)
	at org.apache.tomcat.util.net.JIoEndpoint$SocketProcessor.run(JIoEndpoint.java:315)
	at java.util.concurrent.ThreadPoolExecutor.runWorker(ThreadPoolExecutor.java:1149)
	at java.util.concurrent.ThreadPoolExecutor$Worker.run(ThreadPoolExecutor.java:624)
	at java.lang.Thread.run(Thread.java:748)
