03 Oct 2018 22:42:07,456  INFO [http-bio-8080-exec-5]  (com.webratio.struts.actions.AbstractWRAction:53) - [14ABD2BE42877F7A05CB42D5073CC143][/operation_scu1]Operation action execution [first operation id=scu1] done in 2082 ms
03 Oct 2018 22:42:07,472  INFO [http-bio-8080-exec-5]  (com.webratio.struts.actions.AbstractWRAction:53) - [14ABD2BE42877F7A05CB42D5073CC143][page2]Page action pre-redirect execution [id=page2] done in 7 ms
03 Oct 2018 22:42:07,625  INFO [http-bio-8080-exec-7]  (com.webratio.struts.actions.AbstractWRAction:53) - [14ABD2BE42877F7A05CB42D5073CC143][page2]Page action execution [id=page2] done in 149 ms
03 Oct 2018 22:42:11,257  INFO [http-bio-8080-exec-9]  (com.webratio.struts.actions.AbstractWRAction:53) - [3CC26F7FACB2459FC5963EB20AF786C2][/operation_scu1]Operation action execution [first operation id=scu1] done in 759 ms
03 Oct 2018 22:42:11,259  INFO [http-bio-8080-exec-9]  (com.webratio.struts.actions.AbstractWRAction:53) - [3CC26F7FACB2459FC5963EB20AF786C2][page2]Page action pre-redirect execution [id=page2] done in 1 ms
03 Oct 2018 22:42:11,270  INFO [http-bio-8080-exec-9]  (com.webratio.struts.actions.AbstractWRAction:53) - [3CC26F7FACB2459FC5963EB20AF786C2][page2]Page action execution [id=page2] done in 5 ms
03 Oct 2018 23:30:00,186  INFO [http-bio-8080-exec-3]  (com.webratio.struts.actions.AbstractWRAction:53) - [57C8C71B8C026512588D34D951185547][/operation_scu1]Operation action execution [first operation id=scu1] done in 2061 ms
03 Oct 2018 23:30:00,201  INFO [http-bio-8080-exec-3]  (com.webratio.struts.actions.AbstractWRAction:53) - [57C8C71B8C026512588D34D951185547][page2]Page action pre-redirect execution [id=page2] done in 6 ms
03 Oct 2018 23:30:00,360  INFO [http-bio-8080-exec-4]  (com.webratio.struts.actions.AbstractWRAction:53) - [57C8C71B8C026512588D34D951185547][page2]Page action execution [id=page2] done in 152 ms
03 Oct 2018 23:30:03,516  INFO [http-bio-8080-exec-5]  (com.webratio.struts.actions.AbstractWRAction:53) - [57C8C71B8C026512588D34D951185547][page2]Page action execution [id=page2] done in 5 ms
03 Oct 2018 23:30:09,015  INFO [http-bio-8080-exec-6]  (com.webratio.struts.actions.AbstractWRAction:53) - [57C8C71B8C026512588D34D951185547][page2]Page action execution [id=page2] done in 6 ms
03 Oct 2018 23:41:05,128  INFO [http-bio-8080-exec-4]  (com.webratio.struts.actions.AbstractWRAction:53) - [43C5919260865C01A85B4969FBF28A1C][/operation_scu1]Operation action execution [first operation id=scu1] done in 449 ms
03 Oct 2018 23:41:05,131  INFO [http-bio-8080-exec-4]  (com.webratio.struts.actions.AbstractWRAction:53) - [43C5919260865C01A85B4969FBF28A1C][page2]Page action pre-redirect execution [id=page2] done in 1 ms
03 Oct 2018 23:41:05,197  WARN [localhost-startStop-2]  (com.webratio.struts.RTXInitPlugIn:61) - Stopping application module 'Media'
03 Oct 2018 23:41:13,918  INFO [http-bio-8080-exec-5]  (com.webratio.struts.actions.AbstractWRAction:53) - [92E4AD27C889B1F6C60356F8134CBFD5][/operation_scu1]Operation action execution [first operation id=scu1] done in 2709 ms
03 Oct 2018 23:41:13,933  INFO [http-bio-8080-exec-5]  (com.webratio.struts.actions.AbstractWRAction:53) - [92E4AD27C889B1F6C60356F8134CBFD5][page2]Page action pre-redirect execution [id=page2] done in 6 ms
03 Oct 2018 23:41:14,145  INFO [http-bio-8080-exec-7]  (com.webratio.struts.actions.AbstractWRAction:53) - [92E4AD27C889B1F6C60356F8134CBFD5][page2]Page action execution [id=page2] done in 209 ms
03 Oct 2018 23:41:17,807  INFO [http-bio-8080-exec-9]  (com.webratio.struts.actions.AbstractWRAction:53) - [1CF8EC8368CAC9A94319BA7D12D4DAEF][/operation_scu1]Operation action execution [first operation id=scu1] done in 691 ms
03 Oct 2018 23:41:17,809  INFO [http-bio-8080-exec-9]  (com.webratio.struts.actions.AbstractWRAction:53) - [1CF8EC8368CAC9A94319BA7D12D4DAEF][page2]Page action pre-redirect execution [id=page2] done in 1 ms
03 Oct 2018 23:41:17,821  INFO [http-bio-8080-exec-9]  (com.webratio.struts.actions.AbstractWRAction:53) - [1CF8EC8368CAC9A94319BA7D12D4DAEF][page2]Page action execution [id=page2] done in 6 ms
03 Oct 2018 23:41:24,620  INFO [http-bio-8080-exec-9]  (com.webratio.struts.actions.AbstractWRAction:53) - [1CF8EC8368CAC9A94319BA7D12D4DAEF][page2]Page action execution [id=page2] done in 5 ms
03 Oct 2018 23:41:26,221  INFO [http-bio-8080-exec-9]  (com.webratio.struts.actions.AbstractWRAction:53) - [1CF8EC8368CAC9A94319BA7D12D4DAEF][page2]Page action execution [id=page2] done in 6 ms
03 Oct 2018 23:41:27,882  INFO [http-bio-8080-exec-9]  (com.webratio.struts.actions.AbstractWRAction:53) - [1CF8EC8368CAC9A94319BA7D12D4DAEF][page2]Page action execution [id=page2] done in 4 ms
03 Oct 2018 23:41:30,690  INFO [http-bio-8080-exec-9]  (com.webratio.struts.actions.AbstractWRAction:53) - [1CF8EC8368CAC9A94319BA7D12D4DAEF][page2]Page action execution [id=page2] done in 4 ms
03 Oct 2018 23:41:32,747  INFO [http-bio-8080-exec-9]  (com.webratio.struts.actions.AbstractWRAction:53) - [1CF8EC8368CAC9A94319BA7D12D4DAEF][page2]Page action execution [id=page2] done in 5 ms
03 Oct 2018 23:41:34,056  INFO [http-bio-8080-exec-9]  (com.webratio.struts.actions.AbstractWRAction:53) - [1CF8EC8368CAC9A94319BA7D12D4DAEF][page2]Page action execution [id=page2] done in 5 ms
03 Oct 2018 23:44:01,634  INFO [http-bio-8080-exec-2]  (com.webratio.struts.actions.AbstractWRAction:53) - [A50C0A0ACDD54223EE26E2D652E501E7][/operation_scu1]Operation action execution [first operation id=scu1] done in 531 ms
03 Oct 2018 23:44:01,712  WARN [localhost-startStop-2]  (com.webratio.struts.RTXInitPlugIn:61) - Stopping application module 'Media'
03 Oct 2018 23:44:08,961  INFO [http-bio-8080-exec-5]  (com.webratio.struts.actions.AbstractWRAction:53) - [3FD2DAFE0409DC15A2B87337800FA9AC][/operation_scu1]Operation action execution [first operation id=scu1] done in 2007 ms
03 Oct 2018 23:44:08,981  INFO [http-bio-8080-exec-5]  (com.webratio.struts.actions.AbstractWRAction:53) - [3FD2DAFE0409DC15A2B87337800FA9AC][page2]Page action pre-redirect execution [id=page2] done in 6 ms
03 Oct 2018 23:44:09,128  INFO [http-bio-8080-exec-7]  (com.webratio.struts.actions.AbstractWRAction:53) - [3FD2DAFE0409DC15A2B87337800FA9AC][page2]Page action execution [id=page2] done in 143 ms
03 Oct 2018 23:44:12,649  INFO [http-bio-8080-exec-9]  (com.webratio.struts.actions.AbstractWRAction:53) - [A3BE9B270302819455AAEFCE8171D7CA][/operation_scu1]Operation action execution [first operation id=scu1] done in 649 ms
03 Oct 2018 23:44:12,651  INFO [http-bio-8080-exec-9]  (com.webratio.struts.actions.AbstractWRAction:53) - [A3BE9B270302819455AAEFCE8171D7CA][page2]Page action pre-redirect execution [id=page2] done in 1 ms
03 Oct 2018 23:44:12,663  INFO [http-bio-8080-exec-9]  (com.webratio.struts.actions.AbstractWRAction:53) - [A3BE9B270302819455AAEFCE8171D7CA][page2]Page action execution [id=page2] done in 5 ms
03 Oct 2018 23:45:15,630  INFO [http-bio-8080-exec-5]  (com.webratio.struts.actions.AbstractWRAction:53) - [A3BE9B270302819455AAEFCE8171D7CA][page2]Page action execution [id=page2] done in 6 ms
03 Oct 2018 23:45:17,144  INFO [http-bio-8080-exec-5]  (com.webratio.struts.actions.AbstractWRAction:53) - [A3BE9B270302819455AAEFCE8171D7CA][page2]Page action execution [id=page2] done in 4 ms
03 Oct 2018 23:45:17,862  INFO [http-bio-8080-exec-1]  (com.webratio.struts.actions.AbstractWRAction:53) - [A3BE9B270302819455AAEFCE8171D7CA][page2]Page action execution [id=page2] done in 5 ms
03 Oct 2018 23:45:19,673  INFO [http-bio-8080-exec-1]  (com.webratio.struts.actions.AbstractWRAction:53) - [A3BE9B270302819455AAEFCE8171D7CA][page2]Page action execution [id=page2] done in 4 ms
03 Oct 2018 23:45:21,562  INFO [http-bio-8080-exec-1]  (com.webratio.struts.actions.AbstractWRAction:53) - [A3BE9B270302819455AAEFCE8171D7CA][page2]Page action execution [id=page2] done in 4 ms
03 Oct 2018 23:45:22,638  INFO [http-bio-8080-exec-1]  (com.webratio.struts.actions.AbstractWRAction:53) - [A3BE9B270302819455AAEFCE8171D7CA][page2]Page action execution [id=page2] done in 4 ms
03 Oct 2018 23:45:26,064  INFO [http-bio-8080-exec-1]  (com.webratio.struts.actions.AbstractWRAction:53) - [A3BE9B270302819455AAEFCE8171D7CA][page2]Page action execution [id=page2] done in 4 ms
03 Oct 2018 23:45:26,971  INFO [http-bio-8080-exec-1]  (com.webratio.struts.actions.AbstractWRAction:53) - [A3BE9B270302819455AAEFCE8171D7CA][page2]Page action execution [id=page2] done in 7 ms
03 Oct 2018 23:45:27,956  INFO [http-bio-8080-exec-1]  (com.webratio.struts.actions.AbstractWRAction:53) - [A3BE9B270302819455AAEFCE8171D7CA][page2]Page action execution [id=page2] done in 5 ms
03 Oct 2018 23:45:29,436  INFO [http-bio-8080-exec-1]  (com.webratio.struts.actions.AbstractWRAction:53) - [A3BE9B270302819455AAEFCE8171D7CA][page2]Page action execution [id=page2] done in 4 ms
03 Oct 2018 23:45:30,555  INFO [http-bio-8080-exec-1]  (com.webratio.struts.actions.AbstractWRAction:53) - [A3BE9B270302819455AAEFCE8171D7CA][page2]Page action execution [id=page2] done in 4 ms
03 Oct 2018 23:45:56,839  INFO [http-bio-8080-exec-7]  (com.webratio.struts.actions.AbstractWRAction:53) - [639CBBCFFBF68DD307F551AF7A4BDF40][/operation_scu1]Operation action execution [first operation id=scu1] done in 1117 ms
03 Oct 2018 23:45:56,900  WARN [localhost-startStop-2]  (com.webratio.struts.RTXInitPlugIn:61) - Stopping application module 'Media'
03 Oct 2018 23:46:04,301  INFO [http-bio-8080-exec-5]  (com.webratio.struts.actions.AbstractWRAction:53) - [BF324C3A4C069692254A7D4D654E4D0C][/operation_scu1]Operation action execution [first operation id=scu1] done in 2091 ms
03 Oct 2018 23:46:04,315  INFO [http-bio-8080-exec-5]  (com.webratio.struts.actions.AbstractWRAction:53) - [BF324C3A4C069692254A7D4D654E4D0C][page2]Page action pre-redirect execution [id=page2] done in 5 ms
03 Oct 2018 23:46:04,466  INFO [http-bio-8080-exec-7]  (com.webratio.struts.actions.AbstractWRAction:53) - [BF324C3A4C069692254A7D4D654E4D0C][page2]Page action execution [id=page2] done in 148 ms
03 Oct 2018 23:46:08,660  INFO [http-bio-8080-exec-9]  (com.webratio.struts.actions.AbstractWRAction:53) - [619FCADD91660B712ECB9C07558119EF][/operation_scu1]Operation action execution [first operation id=scu1] done in 1360 ms
03 Oct 2018 23:46:08,662  INFO [http-bio-8080-exec-9]  (com.webratio.struts.actions.AbstractWRAction:53) - [619FCADD91660B712ECB9C07558119EF][page2]Page action pre-redirect execution [id=page2] done in 1 ms
03 Oct 2018 23:46:08,674  INFO [http-bio-8080-exec-9]  (com.webratio.struts.actions.AbstractWRAction:53) - [619FCADD91660B712ECB9C07558119EF][page2]Page action execution [id=page2] done in 6 ms
03 Oct 2018 23:46:30,469  INFO [http-bio-8080-exec-1]  (com.webratio.struts.actions.AbstractWRAction:53) - [F30AA0FFA9C2E5E46A0AB034082392F4][/operation_scu1]Operation action execution [first operation id=scu1] done in 667 ms
03 Oct 2018 23:46:30,510  WARN [localhost-startStop-2]  (com.webratio.struts.RTXInitPlugIn:61) - Stopping application module 'Media'
03 Oct 2018 23:46:37,885  INFO [http-bio-8080-exec-5]  (com.webratio.struts.actions.AbstractWRAction:53) - [D353EF055AA56BD7CBB592E2699A0BB2][/operation_scu1]Operation action execution [first operation id=scu1] done in 2081 ms
03 Oct 2018 23:46:37,899  INFO [http-bio-8080-exec-5]  (com.webratio.struts.actions.AbstractWRAction:53) - [D353EF055AA56BD7CBB592E2699A0BB2][page2]Page action pre-redirect execution [id=page2] done in 5 ms
03 Oct 2018 23:46:38,051  INFO [http-bio-8080-exec-7]  (com.webratio.struts.actions.AbstractWRAction:53) - [D353EF055AA56BD7CBB592E2699A0BB2][page2]Page action execution [id=page2] done in 149 ms
03 Oct 2018 23:46:41,562  INFO [http-bio-8080-exec-9]  (com.webratio.struts.actions.AbstractWRAction:53) - [E8DD3C953E6BAD53316F93D30B017027][/operation_scu1]Operation action execution [first operation id=scu1] done in 631 ms
03 Oct 2018 23:46:41,564  INFO [http-bio-8080-exec-9]  (com.webratio.struts.actions.AbstractWRAction:53) - [E8DD3C953E6BAD53316F93D30B017027][page2]Page action pre-redirect execution [id=page2] done in 1 ms
03 Oct 2018 23:46:41,576  INFO [http-bio-8080-exec-9]  (com.webratio.struts.actions.AbstractWRAction:53) - [E8DD3C953E6BAD53316F93D30B017027][page2]Page action execution [id=page2] done in 6 ms
03 Oct 2018 23:48:21,244  INFO [http-bio-8080-exec-2]  (com.webratio.struts.actions.AbstractWRAction:53) - [3369C1B4A46F8280BF42E14102812411][/operation_scu1]Operation action execution [first operation id=scu1] done in 581 ms
03 Oct 2018 23:48:21,259  WARN [localhost-startStop-2]  (com.webratio.struts.RTXInitPlugIn:61) - Stopping application module 'Media'
03 Oct 2018 23:48:28,585  INFO [http-bio-8080-exec-5]  (com.webratio.struts.actions.AbstractWRAction:53) - [2F6079DBB833A5782439C658B3F101E2][/operation_scu1]Operation action execution [first operation id=scu1] done in 2171 ms
03 Oct 2018 23:48:28,601  INFO [http-bio-8080-exec-5]  (com.webratio.struts.actions.AbstractWRAction:53) - [2F6079DBB833A5782439C658B3F101E2][page2]Page action pre-redirect execution [id=page2] done in 6 ms
03 Oct 2018 23:48:28,750  INFO [http-bio-8080-exec-7]  (com.webratio.struts.actions.AbstractWRAction:53) - [2F6079DBB833A5782439C658B3F101E2][page2]Page action execution [id=page2] done in 146 ms
03 Oct 2018 23:48:32,325  INFO [http-bio-8080-exec-9]  (com.webratio.struts.actions.AbstractWRAction:53) - [DDF4AC3D55B35AACA34B00B164B1AAFB][/operation_scu1]Operation action execution [first operation id=scu1] done in 682 ms
03 Oct 2018 23:48:32,327  INFO [http-bio-8080-exec-9]  (com.webratio.struts.actions.AbstractWRAction:53) - [DDF4AC3D55B35AACA34B00B164B1AAFB][page2]Page action pre-redirect execution [id=page2] done in 1 ms
03 Oct 2018 23:48:32,339  INFO [http-bio-8080-exec-9]  (com.webratio.struts.actions.AbstractWRAction:53) - [DDF4AC3D55B35AACA34B00B164B1AAFB][page2]Page action execution [id=page2] done in 5 ms
03 Oct 2018 23:48:50,525  INFO [http-bio-8080-exec-4]  (com.webratio.struts.actions.AbstractWRAction:53) - [DDF4AC3D55B35AACA34B00B164B1AAFB][page2]Page action execution [id=page2] done in 16 ms
03 Oct 2018 23:48:52,154  INFO [http-bio-8080-exec-4]  (com.webratio.struts.actions.AbstractWRAction:53) - [DDF4AC3D55B35AACA34B00B164B1AAFB][page2]Page action execution [id=page2] done in 4 ms
03 Oct 2018 23:48:53,551  INFO [http-bio-8080-exec-7]  (com.webratio.struts.actions.AbstractWRAction:53) - [DDF4AC3D55B35AACA34B00B164B1AAFB][page2]Page action execution [id=page2] done in 6 ms
